{"/Users/fumio/Repositories/Jumilla/node-roughter/lib/router.js":{"path":"/Users/fumio/Repositories/Jumilla/node-roughter/lib/router.js","s":{"1":1,"2":1,"3":1,"4":5,"5":5,"6":1,"7":2,"8":2,"9":2,"10":2,"11":1,"12":2,"13":1,"14":2,"15":2,"16":2,"17":1,"18":1,"19":1,"20":1,"21":0,"22":1,"23":3,"24":2,"25":2,"26":2,"27":2,"28":2,"29":1,"30":1},"b":{"1":[1,1],"2":[2,0]},"f":{"1":1,"2":5,"3":2,"4":2,"5":2,"6":1,"7":0,"8":3},"fnMap":{"1":{"name":"(anonymous_1)","line":3,"loc":{"start":{"line":3,"column":14},"end":{"line":3,"column":26}}},"2":{"name":"Router","line":13,"loc":{"start":{"line":13,"column":4},"end":{"line":13,"column":28}}},"3":{"name":"(anonymous_3)","line":17,"loc":{"start":{"line":17,"column":28},"end":{"line":17,"column":54}}},"4":{"name":"(anonymous_4)","line":25,"loc":{"start":{"line":25,"column":32},"end":{"line":25,"column":44}}},"5":{"name":"(anonymous_5)","line":29,"loc":{"start":{"line":29,"column":29},"end":{"line":29,"column":41}}},"6":{"name":"(anonymous_6)","line":36,"loc":{"start":{"line":36,"column":28},"end":{"line":36,"column":40}}},"7":{"name":"(anonymous_7)","line":39,"loc":{"start":{"line":39,"column":37},"end":{"line":39,"column":49}}},"8":{"name":"(anonymous_8)","line":42,"loc":{"start":{"line":42,"column":32},"end":{"line":42,"column":48}}}},"statementMap":{"1":{"start":{"line":2,"column":0},"end":{"line":2,"column":45}},"2":{"start":{"line":3,"column":0},"end":{"line":53,"column":5}},"3":{"start":{"line":13,"column":4},"end":{"line":16,"column":5}},"4":{"start":{"line":14,"column":8},"end":{"line":14,"column":25}},"5":{"start":{"line":15,"column":8},"end":{"line":15,"column":29}},"6":{"start":{"line":17,"column":4},"end":{"line":24,"column":6}},"7":{"start":{"line":20,"column":8},"end":{"line":20,"column":22}},"8":{"start":{"line":21,"column":8},"end":{"line":21,"column":42}},"9":{"start":{"line":22,"column":8},"end":{"line":22,"column":63}},"10":{"start":{"line":23,"column":8},"end":{"line":23,"column":32}},"11":{"start":{"line":25,"column":4},"end":{"line":28,"column":6}},"12":{"start":{"line":27,"column":8},"end":{"line":27,"column":50}},"13":{"start":{"line":29,"column":4},"end":{"line":35,"column":6}},"14":{"start":{"line":30,"column":8},"end":{"line":30,"column":78}},"15":{"start":{"line":31,"column":8},"end":{"line":31,"column":35}},"16":{"start":{"line":32,"column":8},"end":{"line":34,"column":9}},"17":{"start":{"line":33,"column":12},"end":{"line":33,"column":32}},"18":{"start":{"line":36,"column":4},"end":{"line":38,"column":6}},"19":{"start":{"line":37,"column":8},"end":{"line":37,"column":81}},"20":{"start":{"line":39,"column":4},"end":{"line":41,"column":6}},"21":{"start":{"line":40,"column":8},"end":{"line":40,"column":39}},"22":{"start":{"line":42,"column":4},"end":{"line":51,"column":6}},"23":{"start":{"line":43,"column":8},"end":{"line":50,"column":9}},"24":{"start":{"line":44,"column":12},"end":{"line":44,"column":31}},"25":{"start":{"line":45,"column":12},"end":{"line":45,"column":45}},"26":{"start":{"line":46,"column":12},"end":{"line":49,"column":13}},"27":{"start":{"line":47,"column":16},"end":{"line":47,"column":60}},"28":{"start":{"line":48,"column":16},"end":{"line":48,"column":22}},"29":{"start":{"line":52,"column":4},"end":{"line":52,"column":18}},"30":{"start":{"line":54,"column":0},"end":{"line":54,"column":24}}},"branchMap":{"1":{"line":32,"type":"if","locations":[{"start":{"line":32,"column":8},"end":{"line":32,"column":8}},{"start":{"line":32,"column":8},"end":{"line":32,"column":8}}]},"2":{"line":46,"type":"if","locations":[{"start":{"line":46,"column":12},"end":{"line":46,"column":12}},{"start":{"line":46,"column":12},"end":{"line":46,"column":12}}]}}}}