TN:
SF:/Users/fumio/Repositories/Jumilla/node-roughter/lib/router.js
FN:3,(anonymous_1)
FN:13,Router
FN:17,(anonymous_3)
FN:25,(anonymous_4)
FN:29,(anonymous_5)
FN:36,(anonymous_6)
FN:39,(anonymous_7)
FN:42,(anonymous_8)
FNF:8
FNH:7
FNDA:1,(anonymous_1)
FNDA:5,Router
FNDA:2,(anonymous_3)
FNDA:2,(anonymous_4)
FNDA:2,(anonymous_5)
FNDA:1,(anonymous_6)
FNDA:0,(anonymous_7)
FNDA:3,(anonymous_8)
DA:2,1
DA:3,1
DA:13,1
DA:14,5
DA:15,5
DA:17,1
DA:20,2
DA:21,2
DA:22,2
DA:23,2
DA:25,1
DA:27,2
DA:29,1
DA:30,2
DA:31,2
DA:32,2
DA:33,1
DA:36,1
DA:37,1
DA:39,1
DA:40,0
DA:42,1
DA:43,3
DA:44,2
DA:45,2
DA:46,2
DA:47,2
DA:48,2
DA:52,1
DA:54,1
LF:30
LH:29
BRDA:32,1,0,1
BRDA:32,1,1,1
BRDA:46,2,0,2
BRDA:46,2,1,0
BRF:4
BRH:3
end_of_record
